Flutter crash report; please file at https://github.com/flutter/flutter/issues.

## command

flutter --no-color packages get

## exception

YamlException: Error on line 11, column 10: Mapping values are not allowed here. Did you miss a colon earlier?
   banner: ^0.0.6
         ^

```
#0      Scanner._fetchValue (package:yaml/src/scanner.dart:713:9)
#1      Scanner._fetchNextToken (package:yaml/src/scanner.dart:457:11)
#2      Scanner._fetchMoreTokens (package:yaml/src/scanner.dart:339:7)
#3      Scanner.peek (package:yaml/src/scanner.dart:317:27)
#4      Parser._parseBlockMappingKey (package:yaml/src/parser.dart:418:26)
#5      Parser._stateMachine (package:yaml/src/parser.dart:86:16)
#6      Parser.parse (package:yaml/src/parser.dart:47:19)
#7      Loader._loadMapping (package:yaml/src/loader.dart:171:23)
#8      Loader._loadNode (package:yaml/src/loader.dart:86:16)
#9      Loader._loadMapping (package:yaml/src/loader.dart:165:19)
#10     Loader._loadNode (package:yaml/src/loader.dart:86:16)
#11     Loader._loadDocument (package:yaml/src/loader.dart:62:20)
#12     Loader.load (package:yaml/src/loader.dart:54:20)
#13     loadYamlDocument (package:yaml/yaml.dart:51:25)
#14     loadYamlNode (package:yaml/yaml.dart:42:5)
#15     loadYaml (package:yaml/yaml.dart:34:5)
#16     _pluginFromPubspec (package:flutter_tools/src/plugins.dart:62:27)
#17     findPlugins.<anonymous closure> (package:flutter_tools/src/plugins.dart:85:27)
#18     __InternalLinkedHashMap&_HashVMBase&MapMixin&_LinkedHashMapMixin.forEach (dart:collection/runtime/libcompact_hash.dart:364:8)
#19     findPlugins (package:flutter_tools/src/plugins.dart:83:12)
#20     injectPlugins (package:flutter_tools/src/plugins.dart:284:32)
<asynchronous suspension>
#21     FlutterProject.ensureReadyForPlatformSpecificTooling (package:flutter_tools/src/project.dart:133:11)
<asynchronous suspension>
#22     PackagesGetCommand.runCommand (package:flutter_tools/src/commands/packages.dart:84:23)
<asynchronous suspension>
#23     FlutterCommand.verifyThenRunCommand (package:flutter_tools/src/runner/flutter_command.dart:348:18)
#24     _asyncThenWrapperHelper.<anonymous closure> (dart:async/runtime/libasync_patch.dart:77:64)
#25     _rootRunUnary (dart:async/zone.dart:1132:38)
#26     _CustomZone.runUnary (dart:async/zone.dart:1029:19)
#27     _FutureListener.handleValue (dart:async/future_impl.dart:129:18)
#28     Future._propagateToListeners.handleValueCallback (dart:async/future_impl.dart:642:45)
#29     Future._propagateToListeners (dart:async/future_impl.dart:671:32)
#30     Future._complete (dart:async/future_impl.dart:476:7)
#31     _SyncCompleter.complete (dart:async/future_impl.dart:51:12)
#32     _AsyncAwaitCompleter.complete.<anonymous closure> (dart:async/runtime/libasync_patch.dart:33:20)
#33     _rootRun (dart:async/zone.dart:1124:13)
#34     _CustomZone.run (dart:async/zone.dart:1021:19)
#35     _CustomZone.bindCallback.<anonymous closure> (dart:async/zone.dart:947:23)
#36     _microtaskLoop (dart:async/schedule_microtask.dart:41:21)
#37     _startMicrotaskLoop (dart:async/schedule_microtask.dart:50:5)
#38     _runPendingImmediateCallback (dart:isolate/runtime/libisolate_patch.dart:114:13)
#39     _RawReceivePortImpl._handleMessage (dart:isolate/runtime/libisolate_patch.dart:170:5)
```

## flutter doctor

```
[✓] Flutter (Channel beta, v0.6.0, on Microsoft Windows [Version 10.0.17134.228], locale zh-CN)
    • Flutter version 0.6.0 at D:\flutter
    • Framework revision 9299c02cf7 (3 weeks ago), 2018-08-16 00:35:12 +0200
    • Engine revision e3687f70c7
    • Dart version 2.1.0-dev.0.0.flutter-be6309690f

[!] Android toolchain - develop for Android devices (Android SDK 27.0.3)
    • Android SDK at D:/Android/Sdk
    • Android NDK location not configured (optional; useful for native profiling support)
    • Platform android-27, build-tools 27.0.3
    • ANDROID_HOME = D:/Android/Sdk
    • Java binary at: D:\Program Files\Android\Android Studio\jre\bin\java
    • Java version OpenJDK Runtime Environment (build 1.8.0_152-release-1024-b02)
    ! Some Android licenses not accepted.  To resolve this, run: flutter doctor --android-licenses

[✓] Android Studio (version 3.1)
    • Android Studio at D:\Program Files\Android\Android Studio
    • Flutter plugin version 27.1.1
    • Dart plugin version 173.4700
    • Java version OpenJDK Runtime Environment (build 1.8.0_152-release-1024-b02)

[!] IntelliJ IDEA Ultimate Edition (version 2018.2)
    • IntelliJ at D:\JetBrains\IntelliJ IDEA 182.2757.3
    ✗ Flutter plugin not installed; this adds Flutter specific functionality.
    ✗ Dart plugin not installed; this adds Dart specific functionality.
    • For information about installing plugins, see
      https://flutter.io/intellij-setup/#installing-the-plugins

[✓] Connected devices (1 available)
    • Android SDK built for x86 • emulator-5554 • android-x86 • Android 9 (API 28) (emulator)

! Doctor found issues in 2 categories.
```
