Flutter crash report; please file at https://github.com/flutter/flutter/issues.

## command

flutter build apk

## exception

FormatException: FormatException: Bad UTF-8 encoding 0xc3 (at offset 167)

```
#0      _Utf8Decoder.convert (dart:convert/utf.dart:484:15)
#1      _Utf8ConversionSink.addSlice (dart:convert/string_conversion.dart:345:14)
#2      _Utf8ConversionSink.add (dart:convert/string_conversion.dart:341:5)
#3      _ConverterStreamEventSink.add (dart:convert/chunked_conversion.dart:86:18)
#4      _SinkTransformerStreamSubscription._handleData (dart:async/stream_transformers.dart:120:24)
#5      _rootRunUnary (dart:async/zone.dart:1132:38)
#6      _CustomZone.runUnary (dart:async/zone.dart:1029:19)
#7      _CustomZone.runUnaryGuarded (dart:async/zone.dart:931:7)
#8      _BufferingStreamSubscription._sendData (dart:async/stream_impl.dart:336:11)
#9      _BufferingStreamSubscription._add (dart:async/stream_impl.dart:263:7)
#10     _SyncStreamController._sendData (dart:async/stream_controller.dart:763:19)
#11     _StreamController._add (dart:async/stream_controller.dart:639:7)
#12     _StreamController.add (dart:async/stream_controller.dart:585:5)
#13     _Socket._onData (dart:io/runtime/binsocket_patch.dart:1714:41)
#14     _rootRunUnary (dart:async/zone.dart:1136:13)
#15     _CustomZone.runUnary (dart:async/zone.dart:1029:19)
#16     _CustomZone.runUnaryGuarded (dart:async/zone.dart:931:7)
#17     _BufferingStreamSubscription._sendData (dart:async/stream_impl.dart:336:11)
#18     _BufferingStreamSubscription._add (dart:async/stream_impl.dart:263:7)
#19     _SyncStreamController._sendData (dart:async/stream_controller.dart:763:19)
#20     _StreamController._add (dart:async/stream_controller.dart:639:7)
#21     _StreamController.add (dart:async/stream_controller.dart:585:5)
#22     new _RawSocket.<anonymous closure> (dart:io/runtime/binsocket_patch.dart:1276:33)
#23     _NativeSocket.issueReadEvent.issue (dart:io/runtime/binsocket_patch.dart:819:14)
#24     _microtaskLoop (dart:async/schedule_microtask.dart:41:21)
#25     _startMicrotaskLoop (dart:async/schedule_microtask.dart:50:5)
#26     _runPendingImmediateCallback (dart:isolate/runtime/libisolate_patch.dart:115:13)
#27     _RawReceivePortImpl._handleMessage (dart:isolate/runtime/libisolate_patch.dart:172:5)
```

## flutter doctor

```
[✓] Flutter (Channel beta, v0.8.2, on Microsoft Windows [Version 10.0.17134.285], locale zh-CN)
    • Flutter version 0.8.2 at D:\flutter
    • Framework revision 5ab9e70727 (11 days ago), 2018-09-07 12:33:05 -0700
    • Engine revision 58a1894a1c
    • Dart version 2.1.0-dev.3.1.flutter-760a9690c2

[!] Android toolchain - develop for Android devices (Android SDK 28.0.1)
    • Android SDK at D:\Android\Sdk
    • Android NDK location not configured (optional; useful for native profiling support)
    • Platform android-28, build-tools 28.0.1
    • Java binary at: D:\Program Files\Android\Android Studio\jre\bin\java
    • Java version OpenJDK Runtime Environment (build 1.8.0_152-release-1024-b02)
    ! Some Android licenses not accepted.  To resolve this, run: flutter doctor --android-licenses

[✓] Android Studio (version 3.1)
    • Android Studio at D:\Program Files\Android\Android Studio
    • Flutter plugin version 27.1.1
    • Dart plugin version 173.4700
    • Java version OpenJDK Runtime Environment (build 1.8.0_152-release-1024-b02)

[!] IntelliJ IDEA Ultimate Edition (version 2018.2)
    • IntelliJ at D:\JetBrains\IntelliJ IDEA 182.2757.3
    ✗ Flutter plugin not installed; this adds Flutter specific functionality.
    ✗ Dart plugin not installed; this adds Dart specific functionality.
    • For information about installing plugins, see
      https://flutter.io/intellij-setup/#installing-the-plugins

[✓] Connected devices (1 available)
    • ONEPLUS A6000 • 3b94a826 • android-arm64 • Android 9 (API 28)

! Doctor found issues in 2 categories.
```
